<?xml version="1.0" encoding="UTF-8"?>
<testsuite xmlns:xsi="http://www.w3.org/2001/XMLSchema-instance" xsi:noNamespaceSchemaLocation="https://maven.apache.org/surefire/maven-surefire-plugin/xsd/surefire-test-report-3.0.xsd" version="3.0" name="com.scouting.data.repository.PlayerRepositoryTest" time="6.206" tests="1" errors="0" skipped="0" failures="0">
  <properties>
[...]
</properties>
  <testcase name="testSaveAndFindPlayer" classname="com.scouting.data.repository.PlayerRepositoryTest" time="0.802">
    <system-out><![CDATA[
  .   ____          _            __ _ _
 /\\ / ___'_ __ _ _(_)_ __  __ _ \ \ \ \
( ( )\___ | '_ | '_| | '_ \/ _` | \ \ \ \
 \\/  ___)| |_)| | | | | || (_| |  ) ) ) )
  '  |____| .__|_| |_|_| |_\__, | / / / /
 =========|_|==============|___/=/_/_/_/
 :: Spring Boot ::                (v3.1.5)

2026-01-21T21:52:37.154+01:00  INFO 20976 --- [           main] c.s.d.r.PlayerRepositoryTest             : Starting PlayerRepositoryTest using Java 21.0.10 with PID 20976 (started by andre in C:\Users\andre\OneDrive\Desktop\Eclipse Workspace\football-scouting-suite)
2026-01-21T21:52:37.169+01:00  INFO 20976 --- [           main] c.s.d.r.PlayerRepositoryTest             : No active profile set, falling back to 1 default profile: "default"
2026-01-21T21:52:37.660+01:00  INFO 20976 --- [           main] .s.d.r.c.RepositoryConfigurationDelegate : Bootstrapping Spring Data JPA repositories in DEFAULT mode.
2026-01-21T21:52:37.732+01:00  INFO 20976 --- [           main] .s.d.r.c.RepositoryConfigurationDelegate : Finished Spring Data repository scanning in 58 ms. Found 1 JPA repository interfaces.
2026-01-21T21:52:37.780+01:00  INFO 20976 --- [           main] beddedDataSourceBeanFactoryPostProcessor : Replacing 'dataSource' DataSource bean with embedded version
2026-01-21T21:52:37.996+01:00  INFO 20976 --- [           main] o.s.j.d.e.EmbeddedDatabaseFactory        : Starting embedded database: url='jdbc:h2:mem:e4f383e3-8436-4d86-9582-18f097b57c8c;DB_CLOSE_DELAY=-1;DB_CLOSE_ON_EXIT=false', username='sa'
2026-01-21T21:52:38.391+01:00  INFO 20976 --- [           main] o.h.j.i.u.LogHelper                      : HHH000204: Processing PersistenceUnitInfo [name: default]
2026-01-21T21:52:38.486+01:00  INFO 20976 --- [           main] o.h.Version                              : HHH000412: Hibernate ORM core version 6.2.13.Final
2026-01-21T21:52:38.488+01:00  INFO 20976 --- [           main] o.h.c.Environment                        : HHH000406: Using bytecode reflection optimizer
2026-01-21T21:52:38.926+01:00  INFO 20976 --- [           main] o.s.o.j.p.SpringPersistenceUnitInfo      : No LoadTimeWeaver setup: ignoring JPA class transformer
2026-01-21T21:52:38.993+01:00  WARN 20976 --- [           main] o.h.o.deprecation                        : HHH90000025: H2Dialect does not need to be specified explicitly using 'hibernate.dialect' (remove the property setting and it will be selected by default)
2026-01-21T21:52:40.235+01:00  INFO 20976 --- [           main] o.h.e.t.j.p.i.JtaPlatformInitiator       : HHH000489: No JTA platform available (set 'hibernate.transaction.jta.platform' to enable JTA platform integration)
Hibernate: drop table if exists player cascade 
Hibernate: create table player (a_minus_xag float(53), aerial_won integer, aerial_won_p90 float(53), aerial_won_percentage float(53), age integer, assists integer, assists_p90 float(53), avg_shot_dist float(53), blocks integer, blocks_p90 float(53), carries integer, carries_p90 float(53), carries_pen_area integer, challenges_lost integer, clearances integer, clearances_p90 float(53), corner_kicks integer, crosses integer, crosses_p90 float(53), crosses_pen_area integer, dispossessed integer, dispossessed_p90 float(53), errors_leading_shot integer, errors_leading_shot_p90 float(53), fouled integer, fouled_p90 float(53), fouls integer, fouls_p90 float(53), g_minus_xg float(53), g_per_shots float(53), g_per_sot float(53), g_plus_a integer, g_plus_a_p90 float(53), gca integer, gca_p90 float(53), goals integer, goals_p90 float(53), interceptions integer, interceptions_p90 float(53), key_passes integer, key_passes_p90 float(53), matches integer, minutes integer, miscontrols integer, miscontrols_p90 float(53), nineties float(53), npg integer, npg_minus_xg float(53), npg_p90 float(53), npxg float(53), npxg_p90 float(53), npxg_per_shots float(53), npxg_plus_xag float(53), npxg_plus_xag_p90 float(53), offsides integer, offsides_p90 float(53), own_goal integer, passes_attempted integer, passes_attempted_p90 float(53), passes_completed integer, passes_completed_p90 float(53), passes_final_third integer, passes_pen_area integer, passes_percentage float(53), passes_received integer, passes_received_p90 float(53), pk_attempted integer, pk_conceded integer, pk_made integer, pk_won integer, prog_carries integer, prog_carries_p90 float(53), prog_passes integer, prog_passes_p90 float(53), prog_passes_received integer, prog_passes_received_p90 float(53), recoveries integer, recoveries_p90 float(53), red_cards integer, sca integer, sca_p90 float(53), second_yellow integer, shots integer, shots_p90 float(53), sot integer, sot_p90 float(53), sot_percentage float(53), starts integer, switches integer, switches_p90 float(53), tackles integer, tackles_att_3rd integer, tackles_def_3rd integer, tackles_mid_3rd integer, tackles_p90 float(53), tackles_percentage float(53), tackles_won integer, tackles_won_p90 float(53), take_on_attempted integer, take_on_attempted_p90 float(53), take_on_percentage float(53), take_on_succ integer, take_on_succ_p90 float(53), through_balls integer, through_balls_p90 float(53), throw_ins integer, tkl_plus_int integer, tkl_plus_int_p90 float(53), tot_dist_passes float(53), tot_dist_prg_passes float(53), touches integer, touches_att_pen integer, touches_def_pen integer, touches_p90 float(53), xag float(53), xag_p90 float(53), xg float(53), xg_p90 float(53), xg_plus_xag float(53), xg_plus_xag_p90 float(53), yellow_cards integer, id bigint generated by default as identity, competition varchar(255), name varchar(255), nation varchar(255), position varchar(255), squad varchar(255), primary key (id))
2026-01-21T21:52:40.285+01:00  INFO 20976 --- [           main] j.LocalContainerEntityManagerFactoryBean : Initialized JPA EntityManagerFactory for persistence unit 'default'
2026-01-21T21:52:41.094+01:00  INFO 20976 --- [           main] c.s.d.r.PlayerRepositoryTest             : Started PlayerRepositoryTest in 4.491 seconds (process running for 6.285)
Hibernate: insert into player (a_minus_xag,aerial_won,aerial_won_p90,aerial_won_percentage,age,assists,assists_p90,avg_shot_dist,blocks,blocks_p90,carries,carries_p90,carries_pen_area,challenges_lost,clearances,clearances_p90,competition,corner_kicks,crosses,crosses_p90,crosses_pen_area,dispossessed,dispossessed_p90,errors_leading_shot,errors_leading_shot_p90,fouled,fouled_p90,fouls,fouls_p90,g_minus_xg,g_per_shots,g_per_sot,g_plus_a,g_plus_a_p90,gca,gca_p90,goals,goals_p90,interceptions,interceptions_p90,key_passes,key_passes_p90,matches,minutes,miscontrols,miscontrols_p90,name,nation,nineties,npg,npg_minus_xg,npg_p90,npxg,npxg_p90,npxg_per_shots,npxg_plus_xag,npxg_plus_xag_p90,offsides,offsides_p90,own_goal,passes_attempted,passes_attempted_p90,passes_completed,passes_completed_p90,passes_final_third,passes_pen_area,passes_percentage,passes_received,passes_received_p90,pk_attempted,pk_conceded,pk_made,pk_won,position,prog_carries,prog_carries_p90,prog_passes,prog_passes_p90,prog_passes_received,prog_passes_received_p90,recoveries,recoveries_p90,red_cards,sca,sca_p90,second_yellow,shots,shots_p90,sot,sot_p90,sot_percentage,squad,starts,switches,switches_p90,tackles,tackles_att_3rd,tackles_def_3rd,tackles_mid_3rd,tackles_p90,tackles_percentage,tackles_won,tackles_won_p90,take_on_attempted,take_on_attempted_p90,take_on_percentage,take_on_succ,take_on_succ_p90,through_balls,through_balls_p90,throw_ins,tkl_plus_int,tkl_plus_int_p90,tot_dist_passes,tot_dist_prg_passes,touches,touches_att_pen,touches_def_pen,touches_p90,xag,xag_p90,xg,xg_p90,xg_plus_xag,xg_plus_xag_p90,yellow_cards,id) values (?,?,?,?,?,?,?,?,?,?,?,?,?,?,?,?,?,?,?,?,?,?,?,?,?,?,?,?,?,?,?,?,?,?,?,?,?,?,?,?,?,?,?,?,?,?,?,?,?,?,?,?,?,?,?,?,?,?,?,?,?,?,?,?,?,?,?,?,?,?,?,?,?,?,?,?,?,?,?,?,?,?,?,?,?,?,?,?,?,?,?,?,?,?,?,?,?,?,?,?,?,?,?,?,?,?,?,?,?,?,?,?,?,?,?,?,?,?,?,?,?,?,?,?,?,?,default)
]]></system-out>
    <system-err><![CDATA[WARNING: A Java agent has been loaded dynamically (C:\Users\andre\.m2\repository\net\bytebuddy\byte-buddy-agent\1.14.9\byte-buddy-agent-1.14.9.jar)
WARNING: If a serviceability tool is in use, please run with -XX:+EnableDynamicAgentLoading to hide this warning
WARNING: If a serviceability tool is not in use, please run with -Djdk.instrument.traceUsage for more information
WARNING: Dynamic loading of agents will be disallowed by default in a future release
]]></system-err>
  </testcase>
</testsuite>